\BOOKMARK [1][-]{section.1}{Principios de Probabilidad}{}% 1
\BOOKMARK [2][-]{subsection.1.1}{Axiomas}{section.1}% 2
\BOOKMARK [2][-]{subsection.1.2}{Probabilidad Total y Bayes}{section.1}% 3
\BOOKMARK [1][-]{section.2}{Esperanza}{}% 4
\BOOKMARK [2][-]{subsection.2.1}{Propiedades}{section.2}% 5
\BOOKMARK [1][-]{section.3}{Varianza}{}% 6
\BOOKMARK [2][-]{subsection.3.1}{Propiedades}{section.3}% 7
\BOOKMARK [1][-]{section.4}{Covarianza}{}% 8
\BOOKMARK [2][-]{subsection.4.1}{Propiedades}{section.4}% 9
\BOOKMARK [1][-]{section.5}{Probabilidad Condicional}{}% 10
\BOOKMARK [1][-]{section.6}{Transformaciones y relaciones entre V.A.}{}% 11
\BOOKMARK [2][-]{subsection.6.1}{Variables Aleatorias Discretas}{section.6}% 12
\BOOKMARK [2][-]{subsection.6.2}{Bernoulli}{section.6}% 13
\BOOKMARK [2][-]{subsection.6.3}{Binomial}{section.6}% 14
\BOOKMARK [3][-]{subsubsection.6.3.1}{Poisson}{subsection.6.3}% 15
\BOOKMARK [2][-]{subsection.6.4}{Variables Aleatorias continuas}{section.6}% 16
\BOOKMARK [3][-]{subsubsection.6.4.1}{Uniforme}{subsection.6.4}% 17
\BOOKMARK [3][-]{subsubsection.6.4.2}{Distribuci\363n Exponencial}{subsection.6.4}% 18
\BOOKMARK [1][-]{section.7}{Teoremas de Convergencia}{}% 19
\BOOKMARK [2][-]{subsection.7.1}{Ley de los grandes n\372meros}{section.7}% 20
\BOOKMARK [1][-]{section.8}{Otros}{}% 21
